  glad.c
  imgui.cpp
  imgui_demo.cpp
  imgui_draw.cpp
  imgui_impl_glfw.cpp
  imgui_impl_opengl3.cpp
  imgui_widgets.cpp
  Application.cpp
C:\dev\all-ears-unturned\all-ears-unturned\src\Application.cpp(28,65): warning C4244: 'argument': conversion from 'int' to 'float', possible loss of data
C:\dev\all-ears-unturned\all-ears-unturned\src\Application.cpp(68,67): warning C4244: 'argument': conversion from 'int' to 'float', possible loss of data
C:\dev\all-ears-unturned\all-ears-unturned\src\Application.cpp(163,26): warning C4244: 'argument': conversion from 'float' to 'int', possible loss of data
C:\dev\all-ears-unturned\all-ears-unturned\src\Application.cpp(163,19): warning C4244: 'argument': conversion from 'float' to 'int', possible loss of data
C:\dev\all-ears-unturned\all-ears-unturned\src\Application.cpp(167,44): warning C4244: 'argument': conversion from 'float' to 'int', possible loss of data
C:\dev\all-ears-unturned\all-ears-unturned\src\Application.cpp(180,30): warning C4244: 'argument': conversion from 'int' to 'float', possible loss of data
  FileDialog.cpp
  LogParser.cpp
C:\dev\all-ears-unturned\all-ears-unturned\src\Application.cpp(200,24): warning C4018: '<': signed/unsigned mismatch
  main.cpp
  NoStoneManager.cpp
  Step.cpp
  AllEarsManager.cpp
C:\dev\all-ears-unturned\all-ears-unturned\src\LogParser.cpp(46,28): warning C4018: '<': signed/unsigned mismatch
  Window.cpp
C:\dev\all-ears-unturned\all-ears-unturned\src\AllEarsManager.cpp(65,26): warning C4018: '<': signed/unsigned mismatch
  Generating code
  Previous IPDB not found, fall back to full compilation.
  All 3462 functions were compiled because no usable IPDB/IOBJ from previous compilation was found.
  Finished generating code
  all-ears-unturned.vcxproj -> C:\dev\all-ears-unturned\Release\all-ears-unturned.exe
